[2025-11-16--19-35-41 INFO actix_server::builder] starting 5 workers
[2025-11-16--19-35-41 INFO actix_server::server] Tokio runtime found; starting in existing Tokio runtime
[2025-11-16--19-35-41 INFO actix_server::server] starting service: "actix-web-service-127.0.0.1:18488", workers: 5, listening on: 127.0.0.1:18488
[2025-11-16--19-35-41 INFO parity_ws] Listening for new connections on 127.0.0.1:8900.
[2025-11-16--19-35-42 INFO txtx::svm::deploy_program] [Recovery Instructions] - An ephemeral authority account will be created and funded to write to the buffer account.
[2025-11-16--19-35-42 INFO txtx::svm::deploy_program] [Recovery Instructions] - Please save the following information in case the deployment fails and the account needs to be recovered:
[2025-11-16--19-35-42 INFO txtx::svm::deploy_program] [Recovery Instructions] - Ephemeral authority public key: 41sCsb9MmakjrWWJ2dARPoWWtg5JiUrsLcVyQEkXAYFH
[2025-11-16--19-35-42 INFO txtx::svm::deploy_program] [Recovery Instructions] - Ephemeral authority secret key: [39, 3, 96, 104, 93, 241, 133, 225, 239, 98, 173, 194, 77, 74, 200, 64, 204, 77, 106, 157, 233, 146, 143, 210, 42, 68, 81, 232, 206, 177, 254, 126, 44, 203, 211, 208, 240, 33, 115, 68, 99, 72, 2, 68, 168, 80, 244, 28, 122, 24, 193, 252, 70, 212, 236, 29, 54, 20, 141, 151, 224, 62, 230, 128]
[2025-11-16--19-35-42 INFO txtx::svm::deploy_program] Account Created - Ephemeral authority account created and funded to write to buffer
[2025-11-16--19-35-42 INFO txtx::svm::deploy_program] [Recovery Instructions] - Creating program buffer account at pubkey B4h2KSjFi3YtNe5YC8tpsRA3qxSvnYe8pwSfSYdhXnWS
[2025-11-16--19-35-43 INFO txtx::svm::deploy_program] Account Created - Program buffer account created
[2025-11-16--19-35-45 INFO txtx::svm::deploy_program] Buffer Ready - Writing to buffer account is complete
[2025-11-16--19-35-46 INFO txtx::svm::deploy_program] Program Created - Program GWWEUEa3K4hVke73AfGZZYFwSJkAo7GeHuku4GskRgBH has been deployed
[2025-11-16--19-35-47 INFO txtx::svm::deploy_program] Complete - Ephemeral authority account closed and leftover funds returned to payer
[2025-11-16--19-36-56 INFO actix_server::worker] shutting down idle worker
[2025-11-16--19-36-56 INFO actix_server::worker] shutting down idle worker
[2025-11-16--19-36-56 INFO actix_server::accept] accept thread stopped
[2025-11-16--19-36-56 INFO actix_server::worker] shutting down idle worker
[2025-11-16--19-36-56 INFO actix_server::worker] shutting down idle worker
[2025-11-16--19-36-56 INFO actix_server::worker] shutting down idle worker
