[2025-11-21--01-19-02 INFO actix_server::builder] starting 5 workers
[2025-11-21--01-19-02 INFO actix_server::server] Tokio runtime found; starting in existing Tokio runtime
[2025-11-21--01-19-02 INFO actix_server::server] starting service: "actix-web-service-127.0.0.1:18488", workers: 5, listening on: 127.0.0.1:18488
[2025-11-21--01-19-02 INFO parity_ws] Listening for new connections on 127.0.0.1:8900.
[2025-11-21--01-19-03 INFO txtx::svm::deploy_program] [Recovery Instructions] - An ephemeral authority account will be created and funded to write to the buffer account.
[2025-11-21--01-19-03 INFO txtx::svm::deploy_program] [Recovery Instructions] - Please save the following information in case the deployment fails and the account needs to be recovered:
[2025-11-21--01-19-03 INFO txtx::svm::deploy_program] [Recovery Instructions] - Ephemeral authority public key: HLUqHGv3ijU766urv5R9kqkkTPUFc3vJm9c2Rfm1QH4M
[2025-11-21--01-19-03 INFO txtx::svm::deploy_program] [Recovery Instructions] - Ephemeral authority secret key: [141, 79, 60, 60, 83, 222, 94, 112, 86, 59, 222, 54, 29, 203, 158, 153, 217, 24, 30, 206, 149, 88, 160, 114, 240, 219, 119, 32, 216, 114, 191, 37, 242, 184, 127, 21, 34, 69, 168, 121, 28, 177, 167, 192, 128, 197, 212, 217, 119, 62, 22, 160, 71, 48, 179, 60, 18, 182, 90, 160, 24, 225, 172, 154]
[2025-11-21--01-19-03 INFO txtx::svm::deploy_program] Account Created - Ephemeral authority account created and funded to write to buffer
[2025-11-21--01-19-03 INFO txtx::svm::deploy_program] [Recovery Instructions] - Creating program buffer account at pubkey F6JE4KHu6Jk67gQhEEXaVyrLgJUUP9RsD3EY4C4c1bwE
[2025-11-21--01-19-04 INFO txtx::svm::deploy_program] Account Created - Program buffer account created
[2025-11-21--01-19-08 INFO txtx::svm::deploy_program] Buffer Ready - Writing to buffer account is complete
[2025-11-21--01-19-08 INFO txtx::svm::deploy_program] Program Created - Program 4r5xfzNSHZ2uBY2Tctqwt3S6Ug3DAamKcsT2rvU8NSPc has been deployed
[2025-11-21--01-19-09 INFO txtx::svm::deploy_program] Complete - Ephemeral authority account closed and leftover funds returned to payer
[2025-11-21--01-40-59 INFO actix_server::worker] shutting down idle worker
[2025-11-21--01-40-59 INFO actix_server::worker] shutting down idle worker
[2025-11-21--01-40-59 INFO actix_server::worker] shutting down idle worker
[2025-11-21--01-40-59 INFO actix_server::accept] accept thread stopped
[2025-11-21--01-40-59 INFO actix_server::worker] shutting down idle worker
[2025-11-21--01-40-59 INFO actix_server::worker] shutting down idle worker
