[2025-11-05--19-29-10 INFO actix_server::builder] starting 5 workers
[2025-11-05--19-29-10 INFO actix_server::server] Tokio runtime found; starting in existing Tokio runtime
[2025-11-05--19-29-10 INFO actix_server::server] starting service: "actix-web-service-127.0.0.1:18488", workers: 5, listening on: 127.0.0.1:18488
[2025-11-05--19-29-11 INFO parity_ws] Listening for new connections on 127.0.0.1:8900.
[2025-11-05--19-29-12 INFO txtx::svm::deploy_program] [Recovery Instructions] - An ephemeral authority account will be created and funded to write to the buffer account.
[2025-11-05--19-29-12 INFO txtx::svm::deploy_program] [Recovery Instructions] - Please save the following information in case the deployment fails and the account needs to be recovered:
[2025-11-05--19-29-12 INFO txtx::svm::deploy_program] [Recovery Instructions] - Ephemeral authority public key: BB5EfaoPcFP94PWA6Jt9cEXjzgQPbkKe8aNusVdrzsCn
[2025-11-05--19-29-12 INFO txtx::svm::deploy_program] [Recovery Instructions] - Ephemeral authority secret key: [5, 206, 131, 61, 183, 200, 255, 50, 155, 12, 58, 163, 58, 178, 213, 28, 50, 69, 237, 50, 153, 250, 176, 32, 85, 230, 92, 103, 155, 130, 55, 215, 151, 41, 119, 113, 44, 141, 205, 98, 121, 49, 46, 167, 153, 53, 109, 159, 191, 15, 153, 157, 148, 96, 109, 110, 221, 31, 29, 225, 12, 231, 175, 43]
[2025-11-05--19-29-13 INFO txtx::svm::deploy_program] Account Created - Ephemeral authority account created and funded to write to buffer
[2025-11-05--19-29-13 INFO txtx::svm::deploy_program] [Recovery Instructions] - Creating program buffer account at pubkey DqFU7ui3tB674TFiCibdRuq9STEu2V6mtKrGE9aNG7cv
[2025-11-05--19-29-13 INFO txtx::svm::deploy_program] Account Created - Program buffer account created
[2025-11-05--19-29-15 INFO txtx::svm::deploy_program] Buffer Ready - Writing to buffer account is complete
[2025-11-05--19-29-15 INFO txtx::svm::deploy_program] Program Created - Program 9ZM84yzxmwBM4Sm1wdb9m5Yxzt97AB2hrvMwZ9i4tNfK has been deployed
[2025-11-05--19-29-16 INFO txtx::svm::deploy_program] Complete - Ephemeral authority account closed and leftover funds returned to payer
[2025-11-05--19-29-27 INFO parity_ws::io] Accepted a new tcp connection from 127.0.0.1:59571.
[2025-11-05--19-29-37 INFO parity_ws::io] Accepted a new tcp connection from 127.0.0.1:59719.
[2025-11-05--19-29-39 INFO parity_ws::io] Accepted a new tcp connection from 127.0.0.1:59723.
[2025-11-05--19-30-15 INFO parity_ws::io] Accepted a new tcp connection from 127.0.0.1:59739.
[2025-11-05--14-00-22 ERROR hyper::server::tcp] accept error: Too many open files (os error 24)
[2025-11-05--14-00-23 ERROR hyper::server::tcp] accept error: Too many open files (os error 24)
[2025-11-05--14-00-24 ERROR hyper::server::tcp] accept error: Too many open files (os error 24)
[2025-11-05--14-00-25 ERROR hyper::server::tcp] accept error: Too many open files (os error 24)
[2025-11-05--14-00-26 ERROR hyper::server::tcp] accept error: Too many open files (os error 24)
[2025-11-05--14-00-27 ERROR hyper::server::tcp] accept error: Too many open files (os error 24)
[2025-11-05--14-00-28 ERROR hyper::server::tcp] accept error: Too many open files (os error 24)
[2025-11-05--14-00-29 ERROR hyper::server::tcp] accept error: Too many open files (os error 24)
[2025-11-05--14-00-30 ERROR hyper::server::tcp] accept error: Too many open files (os error 24)
[2025-11-05--14-00-31 ERROR hyper::server::tcp] accept error: Too many open files (os error 24)
[2025-11-05--14-00-32 ERROR hyper::server::tcp] accept error: Too many open files (os error 24)
[2025-11-05--14-00-33 ERROR hyper::server::tcp] accept error: Too many open files (os error 24)
[2025-11-05--14-00-34 ERROR hyper::server::tcp] accept error: Too many open files (os error 24)
[2025-11-05--14-00-35 ERROR hyper::server::tcp] accept error: Too many open files (os error 24)
[2025-11-05--14-00-36 ERROR hyper::server::tcp] accept error: Too many open files (os error 24)
[2025-11-05--14-00-37 ERROR hyper::server::tcp] accept error: Too many open files (os error 24)
[2025-11-05--14-00-38 ERROR hyper::server::tcp] accept error: Too many open files (os error 24)
[2025-11-05--14-00-39 ERROR hyper::server::tcp] accept error: Too many open files (os error 24)
[2025-11-05--14-00-40 ERROR hyper::server::tcp] accept error: Too many open files (os error 24)
[2025-11-05--14-00-41 ERROR hyper::server::tcp] accept error: Too many open files (os error 24)
[2025-11-05--14-00-42 ERROR hyper::server::tcp] accept error: Too many open files (os error 24)
[2025-11-05--14-00-43 ERROR hyper::server::tcp] accept error: Too many open files (os error 24)
[2025-11-05--14-00-44 ERROR hyper::server::tcp] accept error: Too many open files (os error 24)
[2025-11-05--14-00-45 ERROR hyper::server::tcp] accept error: Too many open files (os error 24)
[2025-11-05--14-00-46 ERROR hyper::server::tcp] accept error: Too many open files (os error 24)
[2025-11-05--14-00-47 ERROR hyper::server::tcp] accept error: Too many open files (os error 24)
[2025-11-05--14-00-48 ERROR hyper::server::tcp] accept error: Too many open files (os error 24)
[2025-11-05--14-00-49 ERROR hyper::server::tcp] accept error: Too many open files (os error 24)
[2025-11-05--14-00-50 ERROR hyper::server::tcp] accept error: Too many open files (os error 24)
[2025-11-05--14-00-51 ERROR hyper::server::tcp] accept error: Too many open files (os error 24)
[2025-11-05--14-00-52 ERROR hyper::server::tcp] accept error: Too many open files (os error 24)
[2025-11-05--14-00-53 ERROR hyper::server::tcp] accept error: Too many open files (os error 24)
[2025-11-05--14-00-54 ERROR hyper::server::tcp] accept error: Too many open files (os error 24)
[2025-11-05--19-31-38 INFO parity_ws::io] Accepted a new tcp connection from 127.0.0.1:59957.
[2025-11-05--19-32-12 INFO parity_ws::io] Accepted a new tcp connection from 127.0.0.1:59996.
[2025-11-05--14-02-15 ERROR hyper::server::tcp] accept error: Too many open files (os error 24)
[2025-11-05--14-02-17 ERROR hyper::server::tcp] accept error: Too many open files (os error 24)
[2025-11-05--14-02-18 ERROR hyper::server::tcp] accept error: Too many open files (os error 24)
[2025-11-05--14-02-20 ERROR hyper::server::tcp] accept error: Too many open files (os error 24)
[2025-11-05--14-02-21 ERROR hyper::server::tcp] accept error: Too many open files (os error 24)
[2025-11-05--14-02-22 ERROR hyper::server::tcp] accept error: Too many open files (os error 24)
[2025-11-05--14-02-23 ERROR hyper::server::tcp] accept error: Too many open files (os error 24)
[2025-11-05--14-02-24 ERROR hyper::server::tcp] accept error: Too many open files (os error 24)
[2025-11-05--14-02-25 ERROR hyper::server::tcp] accept error: Too many open files (os error 24)
[2025-11-05--14-02-26 ERROR hyper::server::tcp] accept error: Too many open files (os error 24)
[2025-11-05--14-02-27 ERROR hyper::server::tcp] accept error: Too many open files (os error 24)
[2025-11-05--14-02-28 ERROR hyper::server::tcp] accept error: Too many open files (os error 24)
[2025-11-05--14-02-29 ERROR hyper::server::tcp] accept error: Too many open files (os error 24)
[2025-11-05--14-02-30 ERROR hyper::server::tcp] accept error: Too many open files (os error 24)
[2025-11-05--14-02-31 ERROR hyper::server::tcp] accept error: Too many open files (os error 24)
[2025-11-05--14-02-32 ERROR hyper::server::tcp] accept error: Too many open files (os error 24)
[2025-11-05--14-02-33 ERROR hyper::server::tcp] accept error: Too many open files (os error 24)
[2025-11-05--14-02-34 ERROR hyper::server::tcp] accept error: Too many open files (os error 24)
[2025-11-05--14-02-35 ERROR hyper::server::tcp] accept error: Too many open files (os error 24)
[2025-11-05--14-02-36 ERROR hyper::server::tcp] accept error: Too many open files (os error 24)
[2025-11-05--14-02-37 ERROR hyper::server::tcp] accept error: Too many open files (os error 24)
[2025-11-05--14-02-38 ERROR hyper::server::tcp] accept error: Too many open files (os error 24)
[2025-11-05--14-02-39 ERROR hyper::server::tcp] accept error: Too many open files (os error 24)
[2025-11-05--19-32-43 INFO parity_ws::io] Accepted a new tcp connection from 127.0.0.1:60213.
[2025-11-05--19-32-46 INFO parity_ws::io] Accepted a new tcp connection from 127.0.0.1:60240.
[2025-11-05--19-32-47 INFO parity_ws::io] Accepted a new tcp connection from 127.0.0.1:60243.
[2025-11-05--19-34-11 INFO parity_ws::io] Accepted a new tcp connection from 127.0.0.1:60254.
[2025-11-05--14-04-16 ERROR hyper::server::tcp] accept error: Too many open files (os error 24)
[2025-11-05--14-04-17 ERROR hyper::server::tcp] accept error: Too many open files (os error 24)
[2025-11-05--14-04-19 ERROR hyper::server::tcp] accept error: Too many open files (os error 24)
[2025-11-05--14-04-20 ERROR hyper::server::tcp] accept error: Too many open files (os error 24)
[2025-11-05--14-04-21 ERROR hyper::server::tcp] accept error: Too many open files (os error 24)
[2025-11-05--14-04-22 ERROR hyper::server::tcp] accept error: Too many open files (os error 24)
[2025-11-05--14-04-23 ERROR hyper::server::tcp] accept error: Too many open files (os error 24)
[2025-11-05--14-04-24 ERROR hyper::server::tcp] accept error: Too many open files (os error 24)
[2025-11-05--14-04-25 ERROR hyper::server::tcp] accept error: Too many open files (os error 24)
[2025-11-05--14-04-26 ERROR hyper::server::tcp] accept error: Too many open files (os error 24)
[2025-11-05--14-04-27 ERROR hyper::server::tcp] accept error: Too many open files (os error 24)
[2025-11-05--14-04-28 ERROR hyper::server::tcp] accept error: Too many open files (os error 24)
[2025-11-05--14-04-29 ERROR hyper::server::tcp] accept error: Too many open files (os error 24)
[2025-11-05--14-04-30 ERROR hyper::server::tcp] accept error: Too many open files (os error 24)
[2025-11-05--14-04-31 ERROR hyper::server::tcp] accept error: Too many open files (os error 24)
[2025-11-05--14-04-32 ERROR hyper::server::tcp] accept error: Too many open files (os error 24)
[2025-11-05--14-04-33 ERROR hyper::server::tcp] accept error: Too many open files (os error 24)
[2025-11-05--14-04-34 ERROR hyper::server::tcp] accept error: Too many open files (os error 24)
[2025-11-05--14-04-35 ERROR hyper::server::tcp] accept error: Too many open files (os error 24)
[2025-11-05--14-04-36 ERROR hyper::server::tcp] accept error: Too many open files (os error 24)
[2025-11-05--14-04-37 ERROR hyper::server::tcp] accept error: Too many open files (os error 24)
[2025-11-05--14-04-38 ERROR hyper::server::tcp] accept error: Too many open files (os error 24)
[2025-11-05--14-04-39 ERROR hyper::server::tcp] accept error: Too many open files (os error 24)
[2025-11-05--14-04-40 ERROR hyper::server::tcp] accept error: Too many open files (os error 24)
[2025-11-05--14-04-41 ERROR hyper::server::tcp] accept error: Too many open files (os error 24)
[2025-11-05--14-04-42 ERROR hyper::server::tcp] accept error: Too many open files (os error 24)
[2025-11-05--14-04-43 ERROR hyper::server::tcp] accept error: Too many open files (os error 24)
[2025-11-05--14-04-44 ERROR hyper::server::tcp] accept error: Too many open files (os error 24)
[2025-11-05--14-04-45 ERROR hyper::server::tcp] accept error: Too many open files (os error 24)
[2025-11-05--14-04-46 ERROR hyper::server::tcp] accept error: Too many open files (os error 24)
[2025-11-05--14-04-47 ERROR hyper::server::tcp] accept error: Too many open files (os error 24)
[2025-11-05--14-04-48 ERROR hyper::server::tcp] accept error: Too many open files (os error 24)
[2025-11-05--14-04-49 ERROR hyper::server::tcp] accept error: Too many open files (os error 24)
[2025-11-05--14-04-50 ERROR hyper::server::tcp] accept error: Too many open files (os error 24)
[2025-11-05--14-04-51 ERROR hyper::server::tcp] accept error: Too many open files (os error 24)
[2025-11-05--14-04-52 ERROR hyper::server::tcp] accept error: Too many open files (os error 24)
[2025-11-05--14-04-53 ERROR hyper::server::tcp] accept error: Too many open files (os error 24)
[2025-11-05--14-04-54 ERROR hyper::server::tcp] accept error: Too many open files (os error 24)
[2025-11-05--14-04-55 ERROR hyper::server::tcp] accept error: Too many open files (os error 24)
[2025-11-05--14-04-56 ERROR hyper::server::tcp] accept error: Too many open files (os error 24)
[2025-11-05--14-04-57 ERROR hyper::server::tcp] accept error: Too many open files (os error 24)
[2025-11-05--14-04-58 ERROR hyper::server::tcp] accept error: Too many open files (os error 24)
[2025-11-05--14-04-59 ERROR hyper::server::tcp] accept error: Too many open files (os error 24)
[2025-11-05--14-05-00 ERROR hyper::server::tcp] accept error: Too many open files (os error 24)
[2025-11-05--14-05-01 ERROR hyper::server::tcp] accept error: Too many open files (os error 24)
[2025-11-05--14-05-02 ERROR hyper::server::tcp] accept error: Too many open files (os error 24)
[2025-11-05--14-05-03 ERROR hyper::server::tcp] accept error: Too many open files (os error 24)
[2025-11-05--14-05-04 ERROR hyper::server::tcp] accept error: Too many open files (os error 24)
[2025-11-05--14-05-05 ERROR hyper::server::tcp] accept error: Too many open files (os error 24)
[2025-11-05--19-35-43 INFO parity_ws::io] Accepted a new tcp connection from 127.0.0.1:60483.
[2025-11-05--19-35-46 INFO parity_ws::io] Accepted a new tcp connection from 127.0.0.1:60518.
[2025-11-05--19-35-48 INFO parity_ws::io] Accepted a new tcp connection from 127.0.0.1:60521.
[2025-11-05--19-40-22 INFO parity_ws::io] Accepted a new tcp connection from 127.0.0.1:60540.
[2025-11-05--14-10-28 ERROR hyper::server::tcp] accept error: Too many open files (os error 24)
[2025-11-05--14-10-29 ERROR hyper::server::tcp] accept error: Too many open files (os error 24)
[2025-11-05--14-10-30 ERROR hyper::server::tcp] accept error: Too many open files (os error 24)
[2025-11-05--14-10-31 ERROR hyper::server::tcp] accept error: Too many open files (os error 24)
[2025-11-05--14-10-32 ERROR hyper::server::tcp] accept error: Too many open files (os error 24)
[2025-11-05--14-10-33 ERROR hyper::server::tcp] accept error: Too many open files (os error 24)
[2025-11-05--14-10-34 ERROR hyper::server::tcp] accept error: Too many open files (os error 24)
[2025-11-05--14-10-35 ERROR hyper::server::tcp] accept error: Too many open files (os error 24)
[2025-11-05--14-10-36 ERROR hyper::server::tcp] accept error: Too many open files (os error 24)
[2025-11-05--14-10-37 ERROR hyper::server::tcp] accept error: Too many open files (os error 24)
[2025-11-05--14-10-38 ERROR hyper::server::tcp] accept error: Too many open files (os error 24)
[2025-11-05--14-10-39 ERROR hyper::server::tcp] accept error: Too many open files (os error 24)
[2025-11-05--14-10-40 ERROR hyper::server::tcp] accept error: Too many open files (os error 24)
[2025-11-05--14-10-41 ERROR hyper::server::tcp] accept error: Too many open files (os error 24)
[2025-11-05--14-10-42 ERROR hyper::server::tcp] accept error: Too many open files (os error 24)
[2025-11-05--14-10-43 ERROR hyper::server::tcp] accept error: Too many open files (os error 24)
[2025-11-05--14-10-44 ERROR hyper::server::tcp] accept error: Too many open files (os error 24)
[2025-11-05--14-10-45 ERROR hyper::server::tcp] accept error: Too many open files (os error 24)
[2025-11-05--14-10-46 ERROR hyper::server::tcp] accept error: Too many open files (os error 24)
[2025-11-05--19-40-52 INFO actix_server::worker] shutting down idle worker
[2025-11-05--19-40-52 INFO actix_server::accept] accept thread stopped
[2025-11-05--19-40-52 INFO actix_server::worker] shutting down idle worker
[2025-11-05--19-40-52 INFO actix_server::worker] shutting down idle worker
[2025-11-05--19-40-52 INFO actix_server::worker] shutting down idle worker
[2025-11-05--19-40-52 INFO actix_server::worker] shutting down idle worker
